<?xml version="1.0" encoding="UTF-8" ?>
<testsuite errors="0" failures="0" hostname="suby-lab" name="devops.numbers.NumberWordsTests" skipped="0" tests="10" time="0.056" timestamp="2018-05-05T03:04:53">
  <properties>
[...]
</properties>
  <testcase classname="devops.numbers.NumberWordsTests" name="numberOneReturnsEight" time="0.0" />
  <testcase classname="devops.numbers.NumberWordsTests" name="numberOneReturnsSeven" time="0.0" />
  <testcase classname="devops.numbers.NumberWordsTests" name="numberOneReturnsThree" time="0.0" />
  <testcase classname="devops.numbers.NumberWordsTests" name="numberOutOfRangeReturnsError" time="0.001" />
  <testcase classname="devops.numbers.NumberWordsTests" name="numberOneReturnsOne" time="0.0" />
  <testcase classname="devops.numbers.NumberWordsTests" name="numberOneReturnsSix" time="0.0" />
  <testcase classname="devops.numbers.NumberWordsTests" name="numberOneReturnsTwo" time="0.0" />
  <testcase classname="devops.numbers.NumberWordsTests" name="numberOneReturnsFive" time="0.0" />
  <testcase classname="devops.numbers.NumberWordsTests" name="numberOneReturnsFour" time="0.0" />
  <testcase classname="devops.numbers.NumberWordsTests" name="numberOneReturnsNine" time="0.0" />
  <system-out><![CDATA[]]></system-out>
  <system-err><![CDATA[]]></system-err>
</testsuite>
